Added Component: Designator=R9(TRIM_PTN10-D100HB20)
Add component (AddParameter): Name = "Check_prices"; Value = "https://www.snapeda.com/parts/PTN10-D100HB20/CUI+Devices/view-part/?ref=eda"; VariantName = "[No Variations]"
Add component (AddParameter): Name = "CUI_purchase_URL"; Value = "https://www.cuidevices.com/product/motion-and-control/potentiometers/trimmer-potentiometers/ptn10-d100hb20?utm_source=snapeda.com&utm_medium=referral&utm_campaign=snapedaBOM"; VariantName = "[No Variations]"
Add component (AddParameter): Name = "MF"; Value = "CUI Devices"; VariantName = "[No Variations]"
Add component (AddParameter): Name = "MP"; Value = "PTN10-D100HB20"; VariantName = "[No Variations]"
Add component (AddParameter): Name = "Package"; Value = "None"; VariantName = "[No Variations]"
Add component (AddParameter): Name = "SnapEDA_Link"; Value = "https://www.snapeda.com/parts/PTN10-D100HB20/CUI+Devices/view-part/?ref=snap"; VariantName = "[No Variations]"
Add component (AddParameter): Name = "Value"; Value = ""; VariantName = "[No Variations]"
Add Component: Footprint Not Found RESAD1100W55L680D260
Add Component: Footprint Not Found TRIM_PTN10-D11HB20
Added Component: Designator=R12(RESA60-630X240)
Add component (AddParameter): Name = "Case\Package"; Value = "Axial"; VariantName = "[No Variations]"
Add component (AddParameter): Name = "ComponentLink1Description"; Value = "Manufacturer URL"; VariantName = "[No Variations]"
Add component (AddParameter): Name = "ComponentLink1URL"; Value = "http://www.yageo.com/"; VariantName = "[No Variations]"
Add component (AddParameter): Name = "ComponentLink2Description"; Value = "Datasheet"; VariantName = "[No Variations]"
Add component (AddParameter): Name = "ComponentLink2URL"; Value = "http://www.yageo.com/documents/recent/Yageo%20LR_MFR_2013.pdf"; VariantName = "[No Variations]"
Add component (AddParameter): Name = "DatasheetVersion"; Value = "Apr-13"; VariantName = "[No Variations]"
Add component (AddParameter): Name = "Length"; Value = "0.248 inch"; VariantName = "[No Variations]"
Add component (AddParameter): Name = "Max Operating Temperature"; Value = "155 degC"; VariantName = "[No Variations]"
Add component (AddParameter): Name = "Min Operating Temperature"; Value = "-55 degC"; VariantName = "[No Variations]"
Add component (AddParameter): Name = "Mount"; Value = "Through Hole"; VariantName = "[No Variations]"
Add component (AddParameter): Name = "Package Quantity"; Value = "200"; VariantName = "[No Variations]"
Add component (AddParameter): Name = "PackageDescription"; Value = "2-Pin Axial Lead, Dia 2.4 mm, Body Length 6.3 mm"; VariantName = "[No Variations]"
Add component (AddParameter): Name = "PackageReference"; Value = "MFR-25"; VariantName = "[No Variations]"
Add component (AddParameter): Name = "Packaging"; Value = "Bulk"; VariantName = "[No Variations]"
Add component (AddParameter): Name = "Power Rating"; Value = "250 mW"; VariantName = "[No Variations]"
Add component (AddParameter): Name = "Resistance"; Value = "475 Ohm"; VariantName = "[No Variations]"
Add component (AddParameter): Name = "RoHSCompliant"; Value = "true"; VariantName = "[No Variations]"
Add component (AddParameter): Name = "Tolerance"; Value = "1%"; VariantName = "[No Variations]"
Add component (AddParameter): Name = "Voltage Rating"; Value = "250 V"; VariantName = "[No Variations]"
Added Component: Designator=R13(TRIM_PTN10-D100HB20)
Add component (AddParameter): Name = "Check_prices"; Value = "https://www.snapeda.com/parts/PTN10-D100HB20/CUI+Devices/view-part/?ref=eda"; VariantName = "[No Variations]"
Add component (AddParameter): Name = "CUI_purchase_URL"; Value = "https://www.cuidevices.com/product/motion-and-control/potentiometers/trimmer-potentiometers/ptn10-d100hb20?utm_source=snapeda.com&utm_medium=referral&utm_campaign=snapedaBOM"; VariantName = "[No Variations]"
Add component (AddParameter): Name = "MF"; Value = "CUI Devices"; VariantName = "[No Variations]"
Add component (AddParameter): Name = "MP"; Value = "PTN10-D100HB20"; VariantName = "[No Variations]"
Add component (AddParameter): Name = "Package"; Value = "None"; VariantName = "[No Variations]"
Add component (AddParameter): Name = "SnapEDA_Link"; Value = "https://www.snapeda.com/parts/PTN10-D100HB20/CUI+Devices/view-part/?ref=snap"; VariantName = "[No Variations]"
Add component (AddParameter): Name = "Value"; Value = ""; VariantName = "[No Variations]"
Added Pin To Net: NetName=GND Pin=R9-A
Added Pin To Net: NetName=VDD Pin=R9-E
Add Pin To Net: Unknown Pin: Pin R11-E
Added Pin To Net: NetName=VCC Pin=R12-2
Added Pin To Net: NetName=GND Pin=R13-A
Added Pin To Net: NetName=VDD Pin=R13-E
Added Pin To Net: NetName=NetR3_S Pin=U2-1
Added Pin To Net: NetName=GND Pin=U2-7
Added Pin To Net: NetName=VCC Pin=U2-14
Added Pin To Net: NetName=NetR9_S Pin=R9-S
Added Pin To Net: NetName=NetR9_S Pin=U1-2
Added Net: Name=NetR9_S
Added Pin To Net: NetName=NetR10_1 Pin=U5-1
Added Net: Name=NetR10_1
Added Pin To Net: NetName=NetR10_2 Pin=U1-5
Added Net: Name=NetR10_2
Added Pin To Net: NetName=NetR11_S Pin=R12-1
Added Pin To Net: NetName=NetR11_S Pin=U1-7
Added Pin To Net: NetName=NetR11_S Pin=U2-2
Added Net: Name=NetR11_S
Added Pin To Net: NetName=NetR13_S Pin=R13-S
Added Pin To Net: NetName=NetR13_S Pin=U1-6
Added Net: Name=NetR13_S
Added Member To Class: ClassName=MainSchematic Member=Component R9 PTN10-D100HB20
Add Class Member: Failed to add class member : Component R10 MFR-25FRF52-10K
Add Class Member: Failed to add class member : Component R11 PTN10-D11HB20
Added Member To Class: ClassName=MainSchematic Member=Component R12 MFR-25FBF52-100K
Added Member To Class: ClassName=MainSchematic Member=Component R13 PTN10-D100HB20
